#
# There is insufficient memory for the Java Runtime Environment to continue.
# Native memory allocation (mmap) failed to map 115343360 bytes. Error detail: G1 virtual space
# Possible reasons:
#   The system is out of physical RAM or swap space
#   This process is running with CompressedOops enabled, and the Java Heap may be blocking the growth of the native heap
# Possible solutions:
#   Reduce memory load on the system
#   Increase physical memory or swap space
#   Check if swap backing store is full
#   Decrease Java heap size (-Xmx/-Xms)
#   Decrease number of Java threads
#   Decrease Java thread stack sizes (-Xss)
#   Set larger code cache with -XX:ReservedCodeCacheSize=
#   JVM is running with Unscaled Compressed Oops mode in which the Java heap is
#     placed in the first 4GB address space. The Java Heap base address is the
#     maximum limit for the native heap growth. Please use -XX:HeapBaseMinAddress
#     to set the Java Heap base and to place the Java Heap above 4GB virtual address.
# This output file may be truncated or incomplete.
#
#  Out of Memory Error (os_windows.cpp:3631), pid=10640, tid=1644
#
# JRE version:  (22.0.2+9) (build )
# Java VM: OpenJDK 64-Bit Server VM (22.0.2+9, mixed mode, sharing, tiered, compressed oops, compressed class ptrs, g1 gc, windows-amd64)
# No core dump will be written. Minidumps are not enabled by default on client versions of Windows
#

---------------  S U M M A R Y ------------

Command Line: -Dfile.encoding=UTF-8 -Dstdout.encoding=UTF-8 -Dstderr.encoding=UTF-8 --module-path=C:\Users\Ana Paula\eclipse-workspace\sistema_atendimento_fila_e_pilha\bin -XX:+ShowCodeDetailsInExceptionMessages -Djdk.module.main=sistema_atendimento_fila_e_pilha sistema_atendimento_fila_e_pilha/sistema_atendimento_fila_e_pilha.Main

Host: AMD Ryzen 3 5300U with Radeon Graphics         , 8 cores, 6G,  Windows 11 , 64 bit Build 22621 (10.0.22621.5124)
Time: Fri Apr 25 07:58:16 2025 Hora oficial do Brasil elapsed time: 0.033579 seconds (0d 0h 0m 0s)

---------------  T H R E A D  ---------------

Current thread (0x000002a960da36e0):  JavaThread "Unknown thread" [_thread_in_vm, id=1644, stack(0x000000f529000000,0x000000f529100000) (1024K)]

Stack: [0x000000f529000000,0x000000f529100000]
Native frames: (J=compiled Java code, j=interpreted, Vv=VM code, C=native code)
V  [jvm.dll+0x6ea6a9]  (no source info available)
V  [jvm.dll+0x8cdbf3]  (no source info available)
V  [jvm.dll+0x8d001e]  (no source info available)
V  [jvm.dll+0x8d06f3]  (no source info available)
V  [jvm.dll+0x286dc6]  (no source info available)
V  [jvm.dll+0x6e6d35]  (no source info available)
V  [jvm.dll+0x6db9ba]  (no source info available)
V  [jvm.dll+0x36037a]  (no source info available)
V  [jvm.dll+0x368846]  (no source info available)
V  [jvm.dll+0x3ba7be]  (no source info available)
V  [jvm.dll+0x3baa68]  (no source info available)
V  [jvm.dll+0x333d1c]  (no source info available)
V  [jvm.dll+0x334988]  (no source info available)
V  [jvm.dll+0x895adc]  (no source info available)
V  [jvm.dll+0x3c78a1]  (no source info available)
V  [jvm.dll+0x87e75c]  (no source info available)
V  [jvm.dll+0x4612ae]  (no source info available)
V  [jvm.dll+0x4630c1]  (no source info available)
C  [jli.dll+0x5278]  (no source info available)
C  [ucrtbase.dll+0x29333]  (no source info available)
C  [KERNEL32.DLL+0x1259d]  (no source info available)
C  [ntdll.dll+0x5af38]  (no source info available)


---------------  P R O C E S S  ---------------

Threads class SMR info:
_java_thread_list=0x00007ff9a990d688, length=0, elements={
}

Java Threads: ( => current thread )
Total: 0

Other Threads:
  0x000002a962fcc7c0 WorkerThread "GC Thread#0"                     [id=14244, stack(0x000000f529100000,0x000000f529200000) (1024K)]
  0x000002a962fdb230 ConcurrentGCThread "G1 Main Marker"            [id=26496, stack(0x000000f529200000,0x000000f529300000) (1024K)]
  0x000002a962fdd6a0 WorkerThread "G1 Conc#0"                       [id=25188, stack(0x000000f529300000,0x000000f529400000) (1024K)]

[error occurred during error reporting (printing all threads), id 0xc0000005, EXCEPTION_ACCESS_VIOLATION (0xc0000005) at pc=0x00007ff9a8ff6cd7]
VM state: not at safepoint (not fully initialized)

VM Mutex/Monitor currently owned by a thread:  ([mutex/lock_event])
[0x00007ff9a9991080] Heap_lock - owner thread: 0x000002a960da36e0

Heap address: 0x0000000092c00000, size: 1748 MB, Compressed Oops mode: 32-bit

CDS archive(s) mapped at: [0x0000000000000000-0x0000000000000000-0x0000000000000000), size 0, SharedBaseAddress: 0x0000000800000000, ArchiveRelocationMode: 1.
Narrow klass base: 0x0000000000000000, Narrow klass shift: 0, Narrow klass range: 0x0

GC Precious Log:
 CardTable entry size: 512
 Card Set container configuration: InlinePtr #cards 5 size 8 Array Of Cards #cards 12 size 40 Howl #buckets 4 coarsen threshold 1843 Howl Bitmap #cards 512 size 80 coarsen threshold 460 Card regions per heap region 1 cards per card region 2048

Heap:
 garbage-first heap   total reserved 1789952K, committed 0K, used 0K [0x0000000092c00000, 0x0000000100000000)
  region size 1024K, 0 young (0K), 0 survivors (0K)

[error occurred during error reporting (printing heap information), id 0xc0000005, EXCEPTION_ACCESS_VIOLATION (0xc0000005) at pc=0x00007ff9a93f7269]
GC Heap History (0 events):
No events

Dll operation events (1 events):
Event: 0.018 Loaded shared library C:\Users\Ana Paula\.p2\pool\plugins\org.eclipse.justj.openjdk.hotspot.jre.full.win32.x86_64_22.0.2.v20240802-1626\jre\bin\java.dll

Deoptimization events (0 events):
No events

Classes loaded (0 events):
No events

Classes unloaded (0 events):
No events

Classes redefined (0 events):
No events

Internal exceptions (0 events):
No events

ZGC Phase Switch (0 events):
No events

VM Operations (0 events):
No events

Memory protections (0 events):
No events

Nmethod flushes (0 events):
No events

Events (0 events):
No events


Dynamic libraries:
0x00007ff6cfd50000 - 0x00007ff6cfd5e000 	C:\Users\Ana Paula\.p2\pool\plugins\org.eclipse.justj.openjdk.hotspot.jre.full.win32.x86_64_22.0.2.v20240802-1626\jre\bin\javaw.exe
0x00007ffa55370000 - 0x00007ffa55587000 	C:\Windows\SYSTEM32\ntdll.dll
0x00007ffa53ab0000 - 0x00007ffa53b74000 	C:\Windows\System32\KERNEL32.DLL
0x00007ffa52770000 - 0x00007ffa52b43000 	C:\Windows\System32\KERNELBASE.dll
0x00007ffa524b0000 - 0x00007ffa525c1000 	C:\Windows\System32\ucrtbase.dll
0x00007ffa32c00000 - 0x00007ffa32c1b000 	C:\Users\Ana Paula\.p2\pool\plugins\org.eclipse.justj.openjdk.hotspot.jre.full.win32.x86_64_22.0.2.v20240802-1626\jre\bin\VCRUNTIME140.dll
0x00007ffa48af0000 - 0x00007ffa48b07000 	C:\Users\Ana Paula\.p2\pool\plugins\org.eclipse.justj.openjdk.hotspot.jre.full.win32.x86_64_22.0.2.v20240802-1626\jre\bin\jli.dll
0x00007ffa538e0000 - 0x00007ffa53a91000 	C:\Windows\System32\USER32.dll
0x00007ffa52480000 - 0x00007ffa524a6000 	C:\Windows\System32\win32u.dll
0x00007ffa3f9b0000 - 0x00007ffa3fc48000 	C:\Windows\WinSxS\amd64_microsoft.windows.common-controls_6595b64144ccf1df_6.0.22621.5124_none_270e8f4f7386d69d\COMCTL32.dll
0x00007ffa54980000 - 0x00007ffa549a9000 	C:\Windows\System32\GDI32.dll
0x00007ffa54ab0000 - 0x00007ffa54b57000 	C:\Windows\System32\msvcrt.dll
0x00007ffa52bd0000 - 0x00007ffa52ceb000 	C:\Windows\System32\gdi32full.dll
0x00007ffa52e30000 - 0x00007ffa52eca000 	C:\Windows\System32\msvcp_win.dll
0x00007ffa549b0000 - 0x00007ffa549e1000 	C:\Windows\System32\IMM32.DLL
0x00007ffa4ca40000 - 0x00007ffa4ca4c000 	C:\Users\Ana Paula\.p2\pool\plugins\org.eclipse.justj.openjdk.hotspot.jre.full.win32.x86_64_22.0.2.v20240802-1626\jre\bin\vcruntime140_1.dll
0x00007ffa22dc0000 - 0x00007ffa22e4e000 	C:\Users\Ana Paula\.p2\pool\plugins\org.eclipse.justj.openjdk.hotspot.jre.full.win32.x86_64_22.0.2.v20240802-1626\jre\bin\msvcp140.dll
0x00007ff9a8cb0000 - 0x00007ff9a9a73000 	C:\Users\Ana Paula\.p2\pool\plugins\org.eclipse.justj.openjdk.hotspot.jre.full.win32.x86_64_22.0.2.v20240802-1626\jre\bin\server\jvm.dll
0x00007ffa54c70000 - 0x00007ffa54d21000 	C:\Windows\System32\ADVAPI32.dll
0x00007ffa53610000 - 0x00007ffa536b8000 	C:\Windows\System32\sechost.dll
0x00007ffa525d0000 - 0x00007ffa525f8000 	C:\Windows\System32\bcrypt.dll
0x00007ffa533e0000 - 0x00007ffa534f4000 	C:\Windows\System32\RPCRT4.dll
0x00007ffa552b0000 - 0x00007ffa55321000 	C:\Windows\System32\WS2_32.dll
0x00007ffa52350000 - 0x00007ffa5239d000 	C:\Windows\SYSTEM32\POWRPROF.dll
0x00007ffa4ce80000 - 0x00007ffa4ceb4000 	C:\Windows\SYSTEM32\WINMM.dll
0x00007ffa481f0000 - 0x00007ffa481fa000 	C:\Windows\SYSTEM32\VERSION.dll
0x00007ffa52330000 - 0x00007ffa52343000 	C:\Windows\SYSTEM32\UMPDC.dll
0x00007ffa51480000 - 0x00007ffa51498000 	C:\Windows\SYSTEM32\kernel.appcore.dll
0x00007ffa4df90000 - 0x00007ffa4df9a000 	C:\Users\Ana Paula\.p2\pool\plugins\org.eclipse.justj.openjdk.hotspot.jre.full.win32.x86_64_22.0.2.v20240802-1626\jre\bin\jimage.dll
0x00007ffa4fe60000 - 0x00007ffa50092000 	C:\Windows\SYSTEM32\DBGHELP.DLL
0x00007ffa53010000 - 0x00007ffa533a2000 	C:\Windows\System32\combase.dll
0x00007ffa548a0000 - 0x00007ffa54977000 	C:\Windows\System32\OLEAUT32.dll
0x00007ffa447c0000 - 0x00007ffa447f2000 	C:\Windows\SYSTEM32\dbgcore.DLL
0x00007ffa52cf0000 - 0x00007ffa52d6b000 	C:\Windows\System32\bcryptPrimitives.dll
0x00007ffa48aa0000 - 0x00007ffa48abe000 	C:\Users\Ana Paula\.p2\pool\plugins\org.eclipse.justj.openjdk.hotspot.jre.full.win32.x86_64_22.0.2.v20240802-1626\jre\bin\java.dll
0x00007ffa53e40000 - 0x00007ffa546d6000 	C:\Windows\System32\SHELL32.dll
0x00007ffa52ed0000 - 0x00007ffa5300f000 	C:\Windows\System32\wintypes.dll
0x00007ffa53c90000 - 0x00007ffa53e31000 	C:\Windows\System32\ole32.dll

dbghelp: loaded successfully - version: 4.0.5 - missing functions: none
symbol engine: initialized successfully - sym options: 0x614 - pdb path: .;C:\Users\Ana Paula\.p2\pool\plugins\org.eclipse.justj.openjdk.hotspot.jre.full.win32.x86_64_22.0.2.v20240802-1626\jre\bin;C:\Windows\SYSTEM32;C:\Windows\WinSxS\amd64_microsoft.windows.common-controls_6595b64144ccf1df_6.0.22621.5124_none_270e8f4f7386d69d;C:\Users\Ana Paula\.p2\pool\plugins\org.eclipse.justj.openjdk.hotspot.jre.full.win32.x86_64_22.0.2.v20240802-1626\jre\bin\server

VM Arguments:
jvm_args: -Dfile.encoding=UTF-8 -Dstdout.encoding=UTF-8 -Dstderr.encoding=UTF-8 --module-path=C:\Users\Ana Paula\eclipse-workspace\sistema_atendimento_fila_e_pilha\bin -XX:+ShowCodeDetailsInExceptionMessages -Djdk.module.main=sistema_atendimento_fila_e_pilha 
java_command: sistema_atendimento_fila_e_pilha/sistema_atendimento_fila_e_pilha.Main
java_class_path (initial): <not set>
Launcher Type: SUN_STANDARD

[Global flags]
     intx CICompilerCount                          = 4                                         {product} {ergonomic}
     uint ConcGCThreads                            = 2                                         {product} {ergonomic}
     uint G1ConcRefinementThreads                  = 8                                         {product} {ergonomic}
   size_t G1HeapRegionSize                         = 1048576                                   {product} {ergonomic}
   size_t InitialHeapSize                          = 115343360                                 {product} {ergonomic}
   size_t MarkStackSize                            = 4194304                                   {product} {ergonomic}
   size_t MaxHeapSize                              = 1832910848                                {product} {ergonomic}
   size_t MinHeapDeltaBytes                        = 1048576                                   {product} {ergonomic}
   size_t MinHeapSize                              = 8388608                                   {product} {ergonomic}
    uintx NonNMethodCodeHeapSize                   = 5839372                                {pd product} {ergonomic}
    uintx NonProfiledCodeHeapSize                  = 122909434                              {pd product} {ergonomic}
    uintx ProfiledCodeHeapSize                     = 122909434                              {pd product} {ergonomic}
    uintx ReservedCodeCacheSize                    = 251658240                              {pd product} {ergonomic}
     bool SegmentedCodeCache                       = true                                      {product} {ergonomic}
     bool ShowCodeDetailsInExceptionMessages       = true                                   {manageable} {command line}
   size_t SoftMaxHeapSize                          = 1832910848                             {manageable} {ergonomic}
     bool UseCompressedOops                        = true                           {product lp64_product} {ergonomic}
     bool UseG1GC                                  = true                                      {product} {ergonomic}
     bool UseLargePagesIndividualAllocation        = false                                  {pd product} {ergonomic}

Logging:
Log output configuration:
 #0: stdout all=warning uptime,level,tags foldmultilines=false
 #1: stderr all=off uptime,level,tags foldmultilines=false

Environment Variables:
PATH=C:/Users/Ana Paula/.p2/pool/plugins/org.eclipse.justj.openjdk.hotspot.jre.full.win32.x86_64_22.0.2.v20240802-1626/jre/bin/server;C:/Users/Ana Paula/.p2/pool/plugins/org.eclipse.justj.openjdk.hotspot.jre.full.win32.x86_64_22.0.2.v20240802-1626/jre/bin;C:\Program Files (x86)\VMware\VMware Workstation\bin\;C:\Program Files (x86)\Common Files\Oracle\Java\java8path;C:\Program Files (x86)\Common Files\Oracle\Java\javapath;C:\Windows\system32;C:\Windows;C:\Windows\System32\Wbem;C:\Windows\System32\WindowsPowerShell\v1.0\;C:\Windows\System32\OpenSSH\;C:\Program Files\PuTTY\;C:\Users\Ana Paula\AppData\Roaming\nvm;C:\Program Files\nodejs;C:\Program Files\Microsoft SQL Server\150\Tools\Binn\;C:\Program Files\Microsoft SQL Server\Client SDK\ODBC\170\Tools\Binn\;C:\Program Files (x86)\Windows Kits\10\Windows Performance Toolkit\;C:\Program Files\MySQL\MySQL Shell 8.0\bin\;C:\Users\Ana Paula\AppData\Local\Microsoft\WindowsApps;C:\Users\Ana Paula\AppData\Local\Programs\Microsoft VS Code\bin;C:\Users\Ana Paula\AppData\Roaming\npm;C:\Users\Ana Paula\AppData\Roaming\nvm;C:\Program Files\nodejs;HADOOP_HOME%\bin;;C:\Windows\system32;
USERNAME=Ana Paula
OS=Windows_NT
PROCESSOR_IDENTIFIER=AMD64 Family 23 Model 104 Stepping 1, AuthenticAMD
TMP=C:\Users\ANAPAU~1\AppData\Local\Temp
TEMP=C:\Users\ANAPAU~1\AppData\Local\Temp




Periodic native trim disabled

---------------  S Y S T E M  ---------------

OS:
 Windows 11 , 64 bit Build 22621 (10.0.22621.5124)
OS uptime: 11 days 5:38 hours
Hyper-V role detected

CPU: total 8 (initial active 8) (8 cores per cpu, 2 threads per core) family 23 model 104 stepping 1 microcode 0x0, cx8, cmov, fxsr, ht, mmx, 3dnowpref, sse, sse2, sse3, ssse3, sse4a, sse4.1, sse4.2, popcnt, lzcnt, tsc, tscinvbit, avx, avx2, aes, clmul, bmi1, bmi2, adx, sha, fma, vzeroupper, clflush, clflushopt, hv, rdtscp, rdpid, f16c
Processor Information for processor 0
  Max Mhz: 2600, Current Mhz: 1896, Mhz Limit: 2600
Processor Information for processor 1
  Max Mhz: 2600, Current Mhz: 1789, Mhz Limit: 2600
Processor Information for processor 2
  Max Mhz: 2600, Current Mhz: 1896, Mhz Limit: 2600
Processor Information for processor 3
  Max Mhz: 2600, Current Mhz: 1789, Mhz Limit: 2600
Processor Information for processor 4
  Max Mhz: 2600, Current Mhz: 1896, Mhz Limit: 2600
Processor Information for processor 5
  Max Mhz: 2600, Current Mhz: 1789, Mhz Limit: 2600
Processor Information for processor 6
  Max Mhz: 2600, Current Mhz: 1896, Mhz Limit: 2600
Processor Information for processor 7
  Max Mhz: 2600, Current Mhz: 1789, Mhz Limit: 2600

Memory: 4k page, system-wide physical 6986M (434M free)
TotalPageFile size 28490M (AvailPageFile size 78M)
current process WorkingSet (physical memory assigned to process): 12M, peak: 12M
current process commit charge ("private bytes"): 60M, peak: 170M

vm_info: OpenJDK 64-Bit Server VM (22.0.2+9) for windows-amd64 JRE (22.0.2+9), built on 2024-07-16T00:00:00Z by "admin" with MS VC++ 17.7 (VS2022)

END.
